Flutter crash report.
Please report a bug at https://github.com/flutter/flutter/issues.

## command

flutter --quiet assemble --no-version-check --depfile /Users/woodywong/AndroidStudioProjects/fyp_calendar_2/build/app/intermediates/flutter/debug/flutter_build.d --output /Users/woodywong/AndroidStudioProjects/fyp_calendar_2/build/app/intermediates/flutter/debug -dTargetFile=/Users/woodywong/AndroidStudioProjects/fyp_calendar_2/lib/main.dart -dTargetPlatform=android -dBuildMode=debug -dTrackWidgetCreation=true --DartDefines=Zmx1dHRlci5pbnNwZWN0b3Iuc3RydWN0dXJlZEVycm9ycz10cnVl,RkxVVFRFUl9XRUJfQVVUT19ERVRFQ1Q9dHJ1ZQ== debug_android_application

## exception

FileSystemException: FileSystemException: Cannot resolve symbolic links, path = '/Users/woodywong/AndroidStudioProjects/fyp_calendar_2/build/app/intermediates/flutter/debug' (OS Error: No such file or directory, errno = 2)

```
#0      FileSystemEntity._throwIfError (dart:io/file_system_entity.dart:839:7)
#1      FileSystemEntity.resolveSymbolicLinksSync (dart:io/file_system_entity.dart:358:5)
#2      ForwardingFileSystemEntity.resolveSymbolicLinksSync (package:file/src/forwarding/forwarding_file_system_entity.dart:56:49)
#3      ForwardingFileSystemEntity.resolveSymbolicLinksSync (package:file/src/forwarding/forwarding_file_system_entity.dart:56:49)
#4      SourceVisitor.visitPattern (package:flutter_tools/src/build_system/source.dart:120:67)
#5      _PatternSource.accept (package:flutter_tools/src/build_system/source.dart:260:49)
#6      Target._resolveConfiguration (package:flutter_tools/src/build_system/build_system.dart:248:14)
#7      Target.resolveOutputs (package:flutter_tools/src/build_system/build_system.dart:203:12)
#8      Target._toNode (package:flutter_tools/src/build_system/build_system.dart:149:39)
#9      FlutterBuildSystem.build (package:flutter_tools/src/build_system/build_system.dart:603:30)
#10     AssembleCommand.runCommand (package:flutter_tools/src/commands/assemble.dart:337:51)
#11     FlutterCommand.verifyThenRunCommand (package:flutter_tools/src/runner/flutter_command.dart:1426:12)
<asynchronous suspension>
#12     FlutterCommand.run.<anonymous closure> (package:flutter_tools/src/runner/flutter_command.dart:1257:27)
<asynchronous suspension>
#13     AppContext.run.<anonymous closure> (package:flutter_tools/src/base/context.dart:150:19)
<asynchronous suspension>
#14     CommandRunner.runCommand (package:args/command_runner.dart:209:13)
<asynchronous suspension>
#15     FlutterCommandRunner.runCommand.<anonymous closure> (package:flutter_tools/src/runner/flutter_command_runner.dart:283:9)
<asynchronous suspension>
#16     AppContext.run.<anonymous closure> (package:flutter_tools/src/base/context.dart:150:19)
<asynchronous suspension>
#17     FlutterCommandRunner.runCommand (package:flutter_tools/src/runner/flutter_command_runner.dart:229:5)
<asynchronous suspension>
#18     run.<anonymous closure>.<anonymous closure> (package:flutter_tools/runner.dart:64:9)
<asynchronous suspension>
#19     AppContext.run.<anonymous closure> (package:flutter_tools/src/base/context.dart:150:19)
<asynchronous suspension>
#20     main (package:flutter_tools/executable.dart:91:3)
<asynchronous suspension>
```

## flutter doctor

```
[!] Flutter (Channel stable, 3.7.5, on macOS 12.5.1 21G83 darwin-x64, locale en-GB)
    • Flutter version 3.7.5 on channel stable at /Users/woodywong/Desktop/flutterSDKfolder/flutter
    ! The flutter binary is not on your path. Consider adding /Users/woodywong/Desktop/flutterSDKfolder/flutter/bin to your path.
    ! The dart binary is not on your path. Consider adding /Users/woodywong/Desktop/flutterSDKfolder/flutter/bin to your path.
    • Upstream repository https://github.com/flutter/flutter.git
    • Framework revision c07f788888 (7 days ago), 2023-02-22 17:52:33 -0600
    • Engine revision 0f359063c4
    • Dart version 2.19.2
    • DevTools version 2.20.1
    • If those were intentional, you can disregard the above warnings; however it is recommended to use "git" directly to perform update checks and upgrades.

[✓] Android toolchain - develop for Android devices (Android SDK version 33.0.1)
    • Android SDK at /Users/woodywong/Library/Android/sdk
    • Platform android-33, build-tools 33.0.1
    • Java binary at: /Applications/Android Studio.app/Contents/jre/Contents/Home/bin/java
    • Java version OpenJDK Runtime Environment (build 11.0.15+0-b2043.56-8887301)
    • All Android licenses accepted.

[✗] Xcode - develop for iOS and macOS
    ✗ Xcode installation is incomplete; a full installation is necessary for iOS development.
      Download at: https://developer.apple.com/xcode/download/
      Or install Xcode via the App Store.
      Once installed, run:
        sudo xcode-select --switch /Applications/Xcode.app/Contents/Developer
        sudo xcodebuild -runFirstLaunch
    ✗ CocoaPods not installed.
        CocoaPods is used to retrieve the iOS and macOS platform side's plugin code that responds to your plugin usage on the Dart side.
        Without CocoaPods, plugins will not work on iOS or macOS.
        For more info, see https://flutter.dev/platform-plugins
      To install see https://guides.cocoapods.org/using/getting-started.html#installation for instructions.

[✓] Chrome - develop for the web
    • Chrome at /Applications/Google Chrome.app/Contents/MacOS/Google Chrome

[✓] Android Studio (version 2022.1)
    • Android Studio at /Applications/Android Studio.app/Contents
    • Flutter plugin can be installed from:
      🔨 https://plugins.jetbrains.com/plugin/9212-flutter
    • Dart plugin can be installed from:
      🔨 https://plugins.jetbrains.com/plugin/6351-dart
    • Java version OpenJDK Runtime Environment (build 11.0.15+0-b2043.56-8887301)

[✓] VS Code (version 1.67.1)
    • VS Code at /Applications/Visual Studio Code.app/Contents
    • Flutter extension can be installed from:
      🔨 https://marketplace.visualstudio.com/items?itemName=Dart-Code.flutter

[✓] Connected device (3 available)
    • sdk gphone64 x86 64 (mobile) • emulator-5554 • android-x64    • Android 13 (API 33) (emulator)
    • macOS (desktop)              • macos         • darwin-x64     • macOS 12.5.1 21G83 darwin-x64
    • Chrome (web)                 • chrome        • web-javascript • Google Chrome 110.0.5481.177

[✓] HTTP Host Availability
    • All required HTTP hosts are available

! Doctor found issues in 2 categories.
```
